<?xml version="1.0" encoding="UTF-8"?>
<testng-results ignored="5" total="11" passed="6" failed="0" skipped="0">
	<reporter-output>
	</reporter-output>
	<suite started-at="2023-12-01T12:28:08 IST" name="Suite-Loan Department"
		finished-at="2023-12-01T12:28:08 IST" duration-ms="145">
		<groups>
		</groups>
		<test started-at="2023-12-01T12:28:08 IST" name="Personal Loan"
			finished-at="2023-12-01T12:28:08 IST" duration-ms="34">
			<class name="TestNGTutorial.day1">
				<test-method
					signature="demo()[pri:0, instance:TestNGTutorial.day1@795cd85e]"
					started-at="2023-12-01T12:28:08 IST" name="demo"
					finished-at="2023-12-01T12:28:08 IST" duration-ms="8"
					status="PASS">
					<reporter-output>
					</reporter-output>
				</test-method> <!--
				demo -->
				<test-method is-config="true"
					signature="lastExecution()[pri:0, instance:TestNGTutorial.day1@795cd85e]"
					started-at="2023-12-01T12:28:08 IST" name="lastExecution"
					finished-at="2023-12-01T12:28:08 IST" duration-ms="0"
					status="PASS">
					<reporter-output>
					</reporter-output>
				</test-method> <!--
				lastExecution -->
			</class> <!--
			TestNGTutorial.day1 -->
			<class name="TestNGTutorial.day2">
				<test-method is-config="true"
					signature="prerequiste()[pri:0, instance:TestNGTutorial.day2@1d9b7cce]"
					started-at="2023-12-01T12:28:08 IST" name="prerequiste"
					finished-at="2023-12-01T12:28:08 IST" duration-ms="0"
					status="PASS">
					<reporter-output>
					</reporter-output>
				</test-method> <!--
				prerequiste -->
				<test-method
					signature="ploan()[pri:0, instance:TestNGTutorial.day2@1d9b7cce]"
					started-at="2023-12-01T12:28:08 IST" name="ploan"
					finished-at="2023-12-01T12:28:08 IST" duration-ms="1"
					status="PASS">
					<reporter-output>
					</reporter-output>
				</test-method> <!--
				ploan -->
			</class> <!--
			TestNGTutorial.day2 -->
		</test> <!--
		Personal Loan -->
		<test started-at="2023-12-01T12:28:08 IST" name="Car Loan"
			finished-at="2023-12-01T12:28:08 IST" duration-ms="3">
			<class name="TestNGTutorial.day3">
				<test-method
					signature="webLoginCarLoan()[pri:0, instance:TestNGTutorial.day3@478190fc]"
					started-at="2023-12-01T12:28:08 IST" name="webLoginCarLoan"
					finished-at="2023-12-01T12:28:08 IST" duration-ms="1"
					status="PASS">
					<reporter-output>
					</reporter-output>
				</test-method> <!--
				webLoginCarLoan -->
			</class> <!--
			TestNGTutorial.day3 -->
		</test> <!--
		Car Loan -->
		<test started-at="2023-12-01T12:28:08 IST" name="Home Loan"
			finished-at="2023-12-01T12:28:08 IST" duration-ms="12">
			<class name="TestNGTutorial.day3">
				<test-method is-config="true"
					signature="bfSuite()[pri:0, instance:TestNGTutorial.day3@478190fc]"
					started-at="2023-12-01T12:28:08 IST" name="bfSuite"
					finished-at="2023-12-01T12:28:08 IST" duration-ms="7"
					status="PASS">
					<reporter-output>
					</reporter-output>
				</test-method> <!--
				bfSuite -->
			</class> <!--
			TestNGTutorial.day3 -->
			<class name="TestNGTutorial.day4">
				<test-method is-config="true"
					signature="bfMethod()[pri:0, instance:TestNGTutorial.day4@3febb011]"
					started-at="2023-12-01T12:28:08 IST" name="bfMethod"
					finished-at="2023-12-01T12:28:08 IST" duration-ms="0"
					status="PASS">
					<reporter-output>
					</reporter-output>
				</test-method> <!--
				bfMethod -->
				<test-method
					signature="loginAPIHomeLoan()[pri:0, instance:TestNGTutorial.day4@3febb011]"
					started-at="2023-12-01T12:28:08 IST" name="loginAPIHomeLoan"
					finished-at="2023-12-01T12:28:08 IST" duration-ms="1"
					status="PASS">
					<reporter-output>
					</reporter-output>
				</test-method> <!--
				loginAPIHomeLoan -->
				<test-method is-config="true"
					signature="afMethod()[pri:0, instance:TestNGTutorial.day4@3febb011]"
					started-at="2023-12-01T12:28:08 IST" name="afMethod"
					finished-at="2023-12-01T12:28:08 IST" duration-ms="1"
					status="PASS">
					<reporter-output>
					</reporter-output>
				</test-method> <!--
				afMethod -->
				<test-method
					signature="mobileLoginHomeLoan()[pri:0, instance:TestNGTutorial.day4@3febb011]"
					started-at="2023-12-01T12:28:08 IST"
					name="mobileLoginHomeLoan"
					finished-at="2023-12-01T12:28:08 IST" duration-ms="1"
					status="PASS">
					<reporter-output>
					</reporter-output>
				</test-method> <!--
				mobileLoginHomeLoan -->
				<test-method is-config="true"
					signature="bfMethod()[pri:0, instance:TestNGTutorial.day4@3febb011]"
					started-at="2023-12-01T12:28:08 IST" name="bfMethod"
					finished-at="2023-12-01T12:28:08 IST" duration-ms="0"
					status="PASS">
					<reporter-output>
					</reporter-output>
				</test-method> <!--
				bfMethod -->
				<test-method is-config="true"
					signature="afMethod()[pri:0, instance:TestNGTutorial.day4@3febb011]"
					started-at="2023-12-01T12:28:08 IST" name="afMethod"
					finished-at="2023-12-01T12:28:08 IST" duration-ms="1"
					status="PASS">
					<reporter-output>
					</reporter-output>
				</test-method> <!--
				afMethod -->
				<test-method
					signature="webLoginHomeLoan()[pri:0, instance:TestNGTutorial.day4@3febb011]"
					started-at="2023-12-01T12:28:08 IST" name="webLoginHomeLoan"
					finished-at="2023-12-01T12:28:08 IST" duration-ms="1"
					status="PASS">
					<reporter-output>
					</reporter-output>
				</test-method> <!--
				webLoginHomeLoan -->
				<test-method is-config="true"
					signature="bfMethod()[pri:0, instance:TestNGTutorial.day4@3febb011]"
					started-at="2023-12-01T12:28:08 IST" name="bfMethod"
					finished-at="2023-12-01T12:28:08 IST" duration-ms="0"
					status="PASS">
					<reporter-output>
					</reporter-output>
				</test-method> <!--
				bfMethod -->
				<test-method is-config="true"
					signature="afMethod()[pri:0, instance:TestNGTutorial.day4@3febb011]"
					started-at="2023-12-01T12:28:08 IST" name="afMethod"
					finished-at="2023-12-01T12:28:08 IST" duration-ms="1"
					status="PASS">
					<reporter-output>
					</reporter-output>
				</test-method> <!--
				afMethod -->
			</class> <!--
			TestNGTutorial.day4 -->
			<class name="TestNGTutorial.day1">
				<test-method is-config="true"
					signature="afSuite()[pri:0, instance:TestNGTutorial.day1@795cd85e]"
					started-at="2023-12-01T12:28:08 IST" name="afSuite"
					finished-at="2023-12-01T12:28:08 IST" duration-ms="1"
					status="PASS">
					<reporter-output>
					</reporter-output>
				</test-method> <!--
				afSuite -->
			</class> <!--
			TestNGTutorial.day1 -->
		</test> <!--
		Home Loan -->
	</suite> <!--
	Suite-Loan Department -->
</testng-results>
