<?xml version="1.0" encoding="UTF-8"?>
<!-- Generated by org.testng.reporters.JUnitXMLReporter -->
<testsuite ignored="4" hostname="JensonVarghese-W11" failures="0" tests="1"
	name="Car Loan" time="0.003" errors="0" timestamp="2023-12-01T12:28:08 IST">
	<testcase classname="TestNGTutorial.day3" name="webLoginCarLoan"
		time="0.001" />
	<testcase classname="TestNGTutorial.day3" name="APICarLoanLogin" time="0.0">
		<ignored />
	</testcase> <!-- APICarLoanLogin -->
	<testcase classname="TestNGTutorial.day3" name="mobileLoginCarLoan"
		time="0.0">
		<ignored />
	</testcase> <!-- mobileLoginCarLoan -->
	<testcase classname="TestNGTutorial.day3" name="mobileHomeScreen" time="0.0">
		<ignored />
	</testcase> <!-- mobileHomeScreen -->
	<testcase classname="TestNGTutorial.day3" name="mobileSignOut" time="0.0">
		<ignored />
	</testcase> <!-- mobileSignOut -->
</testsuite> <!-- Car Loan -->
