<?xml version="1.0" encoding="UTF-8"?>
<!-- Generated by org.testng.reporters.JUnitXMLReporter -->
<testsuite ignored="0" hostname="JensonVarghese-W11" failures="0" tests="3"
	name="Home Loan" time="0.012" errors="0" timestamp="2023-12-01T12:28:08 IST">
	<testcase classname="TestNGTutorial.day4" name="loginAPIHomeLoan"
		time="0.001" />
	<testcase classname="TestNGTutorial.day4" name="mobileLoginHomeLoan"
		time="0.001" />
	<testcase classname="TestNGTutorial.day4" name="webLoginHomeLoan"
		time="0.001" />
</testsuite> <!-- Home Loan -->
