<?xml version="1.0" encoding="UTF-8"?>
<!-- Generated by org.testng.reporters.JUnitXMLReporter -->
<testsuite ignored="1" hostname="JensonVarghese-W11" failures="0" tests="2"
	name="Personal Loan" time="0.034" errors="0"
	timestamp="2023-12-01T12:28:08 IST">
	<testcase classname="TestNGTutorial.day1" name="demo" time="0.008" />
	<testcase classname="TestNGTutorial.day2" name="ploan" time="0.001" />
	<testcase classname="TestNGTutorial.day1" name="SecondTest" time="0.0">
		<ignored />
	</testcase> <!-- SecondTest -->
</testsuite> <!-- Personal Loan -->
