<?xml version="1.0" encoding="UTF-8"?>
<!-- Generated by org.testng.reporters.JUnitXMLReporter -->
<testsuite ignored="0" hostname="JensonVarghese-W11" failures="0" tests="3"
	name="Personal Loan" time="0.145" errors="0"
	timestamp="2023-11-27T22:39:44 IST">
	<testcase classname="TestNGTutorial.day1" name="SecondTest" time="0.022" />
	<testcase classname="TestNGTutorial.day1" name="demo" time="0.004" />
	<testcase classname="TestNGTutorial.day2" name="ploan" time="0.007" />
</testsuite> <!--
Personal Loan -->
