<?xml version="1.0" encoding="UTF-8"?>
<!-- Generated by org.testng.reporters.JUnitXMLReporter -->
<testsuite ignored="0" hostname="JensonVarghese-W11" failures="0" tests="3"
	name="Default test" time="0.128" errors="0"
	timestamp="2023-11-30T14:57:38 IST">
	<testcase classname="TestNGTutorial.day4" name="loginAPIHomeLoan"
		time="0.021" />
	<testcase classname="TestNGTutorial.day4" name="mobileLoginHomeLoan"
		time="0.003" />
	<testcase classname="TestNGTutorial.day4" name="webLoginHomeLoan"
		time="0.002" />
</testsuite> <!-- Default test -->
